<?xml version="1.0" encoding="UTF-8"?>
<!-- Generated by org.testng.reporters.JUnitReportReporter -->
<testsuite hostname="LAPTOP-15ODTCFQ" name="TestCases.A_BaseSuiteFile" tests="1" failures="0" timestamp="19 Oct 2019 14:32:45 GMT" time="36.606" errors="0">
  <testcase name="LoginTest" time="36.606" classname="TestCases.A_BaseSuiteFile"/>
</testsuite> <!-- TestCases.A_BaseSuiteFile -->
